<?xml version="1.0" encoding="UTF-8"?>
<!-- Generated by org.testng.reporters.JUnitReportReporter -->
<testsuite hostname="LP-INHY00000332" name="org.cucumber.tests.LoginTest" tests="1" failures="0" timestamp="5 Sep 2019 11:40:25 GMT" time="9.687" errors="0">
  <testcase name="login" time="9.687" classname="org.cucumber.tests.LoginTest"/>
</testsuite> <!-- org.cucumber.tests.LoginTest -->
